{
  "stats": {
    "suites": 0,
    "tests": 2,
    "passes": 2,
    "pending": 0,
    "failures": 0,
    "start": "2022-11-08T19:21:14.388Z",
    "end": "2022-11-08T19:22:02.885Z",
    "duration": 48497,
    "testsRegistered": 2,
    "passPercent": 100,
    "pendingPercent": 0,
    "other": 0,
    "hasOther": false,
    "skipped": 0,
    "hasSkipped": false
  },
  "results": [
    {
      "uuid": "219f70f2-8b28-4264-9a13-7ece01af6259",
      "title": "",
      "fullFile": "cypress\\e2e\\homework\\hw-16-function-search.cy.js",
      "file": "cypress\\e2e\\homework\\hw-16-function-search.cy.js",
      "beforeHooks": [],
      "afterHooks": [],
      "tests": [
        {
          "title": "Place order with product name",
          "fullTitle": "Place order with product name",
          "timedOut": null,
          "duration": 29137,
          "state": "passed",
          "speed": "slow",
          "pass": true,
          "fail": false,
          "pending": false,
          "context": null,
          "code": "_AuthorizationPage.default.visit();\n_AuthorizationPage.default.submitLoginForm(_user.default.userName, _user.default.password);\ncy.visit('/');\ncy.get('#filter_keyword').type('i').closest('form').submit();\n(0, _helper.getProductByName)('Total Moisture Facial Cream');\ncy.get('#product_quantity').clear().type('3');\ncy.get('.productpagecart').click();\ncy.get('#cart_checkout1').click();\ncy.get('#checkout_btn').click();\ncy.get('h1.heading1').should('contain', ' Your Order Has Been Processed!');\ncy.get('.contentpanel').should('contain', 'Your order').and('contain', 'Thank you for shopping with us!');",
          "err": {},
          "uuid": "b31224cc-7916-4cde-96a6-c5843d780fcc",
          "parentUUID": "219f70f2-8b28-4264-9a13-7ece01af6259",
          "isHook": false,
          "skipped": false
        },
        {
          "title": "Place order with product name with for",
          "fullTitle": "Place order with product name with for",
          "timedOut": null,
          "duration": 19230,
          "state": "passed",
          "speed": "slow",
          "pass": true,
          "fail": false,
          "pending": false,
          "context": null,
          "code": "_AuthorizationPage.default.visit();\n_AuthorizationPage.default.submitLoginForm(_user.default.userName, _user.default.password);\ncy.visit('/');\ncy.get('#filter_keyword').type('i').closest('form').submit();\n(0, _helper.getProductByNameWithFor)('Total Moisture Facial Cream');\ncy.get('#product_quantity').clear().type('3');\ncy.get('.productpagecart').click();\ncy.get('#cart_checkout1').click();\ncy.get('#checkout_btn').click();\ncy.get('h1.heading1').should('contain', ' Your Order Has Been Processed!');\ncy.get('.contentpanel').should('contain', 'Your order').and('contain', 'Thank you for shopping with us!');",
          "err": {},
          "uuid": "3f12188e-66ac-4a7c-9220-3152eba9b18c",
          "parentUUID": "219f70f2-8b28-4264-9a13-7ece01af6259",
          "isHook": false,
          "skipped": false
        }
      ],
      "suites": [],
      "passes": [
        "b31224cc-7916-4cde-96a6-c5843d780fcc",
        "3f12188e-66ac-4a7c-9220-3152eba9b18c"
      ],
      "failures": [],
      "pending": [],
      "skipped": [],
      "duration": 48367,
      "root": true,
      "rootEmpty": false,
      "_timeout": 2000
    }
  ],
  "meta": {
    "mocha": {
      "version": "7.0.1"
    },
    "mochawesome": {
      "options": {
        "quiet": false,
        "reportFilename": "mochawesome",
        "saveHtml": false,
        "saveJson": true,
        "consoleReporter": "spec",
        "useInlineDiffs": false,
        "code": true
      },
      "version": "7.1.3"
    },
    "marge": {
      "options": {
        "reportDir": "cypress/results",
        "overwrite": false,
        "html": false,
        "json": true
      },
      "version": "6.2.0"
    }
  }
}