{
  "stats": {
    "suites": 0,
    "tests": 3,
    "passes": 3,
    "pending": 0,
    "failures": 0,
    "start": "2022-11-08T19:22:08.577Z",
    "end": "2022-11-08T19:22:20.312Z",
    "duration": 11735,
    "testsRegistered": 3,
    "passPercent": 100,
    "pendingPercent": 0,
    "other": 0,
    "hasOther": false,
    "skipped": 0,
    "hasSkipped": false
  },
  "results": [
    {
      "uuid": "26b624d8-bbe5-40e4-a3af-d148d4f72a26",
      "title": "",
      "fullFile": "cypress\\e2e\\homework\\hw-17-error-messages.cy.js",
      "file": "cypress\\e2e\\homework\\hw-17-error-messages.cy.js",
      "beforeHooks": [],
      "afterHooks": [],
      "tests": [
        {
          "title": "Validate error message on empty credentials",
          "fullTitle": "Validate error message on empty credentials",
          "timedOut": null,
          "duration": 5583,
          "state": "passed",
          "speed": "medium",
          "pass": true,
          "fail": false,
          "pending": false,
          "context": null,
          "code": "_AuthorizationPage.default.visit();\n_AuthorizationPage.default.getLoginButton();\n_AuthorizationPage.default.validateIncorrectCredentialErrorMessage();",
          "err": {},
          "uuid": "93c7c244-17ee-4bf2-b6f7-21938e67109b",
          "parentUUID": "26b624d8-bbe5-40e4-a3af-d148d4f72a26",
          "isHook": false,
          "skipped": false
        },
        {
          "title": "Validate error message on incorrect login and correct password",
          "fullTitle": "Validate error message on incorrect login and correct password",
          "timedOut": null,
          "duration": 3114,
          "state": "passed",
          "speed": "fast",
          "pass": true,
          "fail": false,
          "pending": false,
          "context": null,
          "code": "_AuthorizationPage.default.visit();\n_AuthorizationPage.default.submitLoginForm('qwqwq', _user.default.password);\n_AuthorizationPage.default.validateIncorrectCredentialErrorMessage();",
          "err": {},
          "uuid": "8d2b0b6b-6a15-472d-a63c-8d109be722f0",
          "parentUUID": "26b624d8-bbe5-40e4-a3af-d148d4f72a26",
          "isHook": false,
          "skipped": false
        },
        {
          "title": "Validate error message on correct login and incorrect password",
          "fullTitle": "Validate error message on correct login and incorrect password",
          "timedOut": null,
          "duration": 2953,
          "state": "passed",
          "speed": "fast",
          "pass": true,
          "fail": false,
          "pending": false,
          "context": null,
          "code": "_AuthorizationPage.default.visit();\n_AuthorizationPage.default.submitLoginForm(_user.default.userName, 'qwerert');\n_AuthorizationPage.default.validateIncorrectCredentialErrorMessage();",
          "err": {},
          "uuid": "b4bbc13c-e26e-430d-8ff5-ab4dd89d36f0",
          "parentUUID": "26b624d8-bbe5-40e4-a3af-d148d4f72a26",
          "isHook": false,
          "skipped": false
        }
      ],
      "suites": [],
      "passes": [
        "93c7c244-17ee-4bf2-b6f7-21938e67109b",
        "8d2b0b6b-6a15-472d-a63c-8d109be722f0",
        "b4bbc13c-e26e-430d-8ff5-ab4dd89d36f0"
      ],
      "failures": [],
      "pending": [],
      "skipped": [],
      "duration": 11650,
      "root": true,
      "rootEmpty": false,
      "_timeout": 2000
    }
  ],
  "meta": {
    "mocha": {
      "version": "7.0.1"
    },
    "mochawesome": {
      "options": {
        "quiet": false,
        "reportFilename": "mochawesome",
        "saveHtml": false,
        "saveJson": true,
        "consoleReporter": "spec",
        "useInlineDiffs": false,
        "code": true
      },
      "version": "7.1.3"
    },
    "marge": {
      "options": {
        "reportDir": "cypress/results",
        "overwrite": false,
        "html": false,
        "json": true
      },
      "version": "6.2.0"
    }
  }
}