{
  "stats": {
    "suites": 0,
    "tests": 2,
    "passes": 2,
    "pending": 0,
    "failures": 0,
    "start": "2022-11-08T19:20:08.514Z",
    "end": "2022-11-08T19:20:51.256Z",
    "duration": 42742,
    "testsRegistered": 2,
    "passPercent": 100,
    "pendingPercent": 0,
    "other": 0,
    "hasOther": false,
    "skipped": 0,
    "hasSkipped": false
  },
  "results": [
    {
      "uuid": "87d5eaf7-37b8-424b-a83f-222f326ac2de",
      "title": "",
      "fullFile": "cypress\\e2e\\order.cy.js",
      "file": "cypress\\e2e\\order.cy.js",
      "beforeHooks": [],
      "afterHooks": [],
      "tests": [
        {
          "title": "Place Order",
          "fullTitle": "Place Order",
          "timedOut": null,
          "duration": 19415,
          "state": "passed",
          "speed": "slow",
          "pass": true,
          "fail": false,
          "pending": false,
          "context": null,
          "code": "_AuthorizationPage.default.visit();\n_AuthorizationPage.default.submitLoginForm(_user.default.userName, _user.default.password);\n_ProductPage.default.visit();\n_ProductPage.default.getProductQuantity().clear().type('4');\n_ProductPage.default.getAddToCartButton().click();\n_ProductPage.default.getCheckoutButton().click();\n_ProductPage.default.getConfirmOrderButton().click();\n_ProductPage.default.validatePurchase();",
          "err": {},
          "uuid": "0ea1db77-a4a1-4cd0-9697-c0613f329a51",
          "parentUUID": "87d5eaf7-37b8-424b-a83f-222f326ac2de",
          "isHook": false,
          "skipped": false
        },
        {
          "title": "Place Order from search",
          "fullTitle": "Place Order from search",
          "timedOut": null,
          "duration": 23207,
          "state": "passed",
          "speed": "slow",
          "pass": true,
          "fail": false,
          "pending": false,
          "context": null,
          "code": "_AuthorizationPage.default.visit();\n_AuthorizationPage.default.submitLoginForm(_user.default.userName, _user.default.password);\n_ProductPage.default.visitHomePage();\n(0, _helper.searchExistingProduct)('Benefit Bella Bamba');\n_ProductPage.default.getProductQuantity().clear().type('4');\n_ProductPage.default.getAddToCartButton().click();\n_ProductPage.default.getCheckoutButton().click();\n_ProductPage.default.getConfirmOrderButton().click();\n_ProductPage.default.validatePurchase();",
          "err": {},
          "uuid": "ac0084e8-b610-4ed4-a2dc-3213d966d87a",
          "parentUUID": "87d5eaf7-37b8-424b-a83f-222f326ac2de",
          "isHook": false,
          "skipped": false
        }
      ],
      "suites": [],
      "passes": [
        "0ea1db77-a4a1-4cd0-9697-c0613f329a51",
        "ac0084e8-b610-4ed4-a2dc-3213d966d87a"
      ],
      "failures": [],
      "pending": [],
      "skipped": [],
      "duration": 42622,
      "root": true,
      "rootEmpty": false,
      "_timeout": 2000
    }
  ],
  "meta": {
    "mocha": {
      "version": "7.0.1"
    },
    "mochawesome": {
      "options": {
        "quiet": false,
        "reportFilename": "mochawesome",
        "saveHtml": false,
        "saveJson": true,
        "consoleReporter": "spec",
        "useInlineDiffs": false,
        "code": true
      },
      "version": "7.1.3"
    },
    "marge": {
      "options": {
        "reportDir": "cypress/results",
        "overwrite": false,
        "html": false,
        "json": true
      },
      "version": "6.2.0"
    }
  }
}